     1 00000000                                 [FORMAT "WCOFF"]
     2 00000000                                 [INSTRSET "i486p"]
     3 00000000                                 [OPTIMIZE 1]
     4 00000000                                 [OPTION 1]
     5 00000000                                 [BITS 32]
     6 00000000                                 	EXTERN	_load_gdtr
     7 00000000                                 	EXTERN	_load_idtr
     8 00000000                                 [FILE "dsctbl.c"]
     9                                          [SECTION .text]
    10 00000000                                 	ALIGN	2
    11 00000000                                 	GLOBAL	_init_gdtidt
    12 00000000                                 _init_gdtidt:
    13 00000000 55                              	PUSH	EBP
    14 00000001 89 E5                           	MOV	EBP,ESP
    15 00000003 56                              	PUSH	ESI
    16 00000004 53                              	PUSH	EBX
    17 00000005 BE 00270000                     	MOV	ESI,2555904
    18 0000000A BB 00001FFF                     	MOV	EBX,8191
    19 0000000F                                 L6:
    20 0000000F 6A 00                           	PUSH	0
    21 00000011 6A 00                           	PUSH	0
    22 00000013 6A 00                           	PUSH	0
    23 00000015 56                              	PUSH	ESI
    24 00000016 83 C6 08                        	ADD	ESI,8
    25 00000019 E8 0000007C                     	CALL	_set_segmdesc
    26 0000001E 83 C4 10                        	ADD	ESP,16
    27 00000021 4B                              	DEC	EBX
    28 00000022 79 EB                           	JNS	L6
    29 00000024 68 00004092                     	PUSH	16530
    30 00000029 BE 0026F800                     	MOV	ESI,2553856
    31 0000002E 6A 00                           	PUSH	0
    32 00000030 BB 000000FF                     	MOV	EBX,255
    33 00000035 6A FF                           	PUSH	-1
    34 00000037 68 00270008                     	PUSH	2555912
    35 0000003C E8 00000059                     	CALL	_set_segmdesc
    36 00000041 68 0000409A                     	PUSH	16538
    37 00000046 68 00280000                     	PUSH	2621440
    38 0000004B 68 0007FFFF                     	PUSH	524287
    39 00000050 68 00270010                     	PUSH	2555920
    40 00000055 E8 00000040                     	CALL	_set_segmdesc
    41 0000005A 83 C4 20                        	ADD	ESP,32
    42 0000005D 68 00270000                     	PUSH	2555904
    43 00000062 68 0000FFFF                     	PUSH	65535
    44 00000067 E8 [00000000]                   	CALL	_load_gdtr
    45 0000006C 58                              	POP	EAX
    46 0000006D 5A                              	POP	EDX
    47 0000006E                                 L11:
    48 0000006E 6A 00                           	PUSH	0
    49 00000070 6A 00                           	PUSH	0
    50 00000072 6A 00                           	PUSH	0
    51 00000074 56                              	PUSH	ESI
    52 00000075 83 C6 08                        	ADD	ESI,8
    53 00000078 E8 00000067                     	CALL	_set_gatedesc
    54 0000007D 83 C4 10                        	ADD	ESP,16
    55 00000080 4B                              	DEC	EBX
    56 00000081 79 EB                           	JNS	L11
    57 00000083 68 0026F800                     	PUSH	2553856
    58 00000088 68 000007FF                     	PUSH	2047
    59 0000008D E8 [00000000]                   	CALL	_load_idtr
    60 00000092 8D 65 F8                        	LEA	ESP,DWORD [-8+EBP]
    61 00000095 5B                              	POP	EBX
    62 00000096 5E                              	POP	ESI
    63 00000097 5D                              	POP	EBP
    64 00000098 C3                              	RET
    65 00000099 90                              	ALIGN	2
    66 0000009A                                 	GLOBAL	_set_segmdesc
    67 0000009A                                 _set_segmdesc:
    68 0000009A 55                              	PUSH	EBP
    69 0000009B 89 E5                           	MOV	EBP,ESP
    70 0000009D 53                              	PUSH	EBX
    71 0000009E 8B 55 0C                        	MOV	EDX,DWORD [12+EBP]
    72 000000A1 8B 4D 10                        	MOV	ECX,DWORD [16+EBP]
    73 000000A4 8B 5D 08                        	MOV	EBX,DWORD [8+EBP]
    74 000000A7 8B 45 14                        	MOV	EAX,DWORD [20+EBP]
    75 000000AA 81 FA 000FFFFF                  	CMP	EDX,1048575
    76 000000B0 76 08                           	JBE	L17
    77 000000B2 C1 EA 0C                        	SHR	EDX,12
    78 000000B5 0D 00008000                     	OR	EAX,32768
    79 000000BA                                 L17:
    80 000000BA 66 89 13                        	MOV	WORD [EBX],DX
    81 000000BD 88 43 05                        	MOV	BYTE [5+EBX],AL
    82 000000C0 C1 EA 10                        	SHR	EDX,16
    83 000000C3 C1 F8 08                        	SAR	EAX,8
    84 000000C6 83 E2 0F                        	AND	EDX,15
    85 000000C9 66 89 4B 02                     	MOV	WORD [2+EBX],CX
    86 000000CD 83 E0 F0                        	AND	EAX,-16
    87 000000D0 C1 F9 10                        	SAR	ECX,16
    88 000000D3 09 C2                           	OR	EDX,EAX
    89 000000D5 88 4B 04                        	MOV	BYTE [4+EBX],CL
    90 000000D8 88 53 06                        	MOV	BYTE [6+EBX],DL
    91 000000DB C1 F9 08                        	SAR	ECX,8
    92 000000DE 88 4B 07                        	MOV	BYTE [7+EBX],CL
    93 000000E1 5B                              	POP	EBX
    94 000000E2 5D                              	POP	EBP
    95 000000E3 C3                              	RET
    96 000000E4                                 	ALIGN	2
    97 000000E4                                 	GLOBAL	_set_gatedesc
    98 000000E4                                 _set_gatedesc:
    99 000000E4 55                              	PUSH	EBP
   100 000000E5 89 E5                           	MOV	EBP,ESP
   101 000000E7 53                              	PUSH	EBX
   102 000000E8 8B 55 08                        	MOV	EDX,DWORD [8+EBP]
   103 000000EB 8B 45 10                        	MOV	EAX,DWORD [16+EBP]
   104 000000EE 8B 5D 14                        	MOV	EBX,DWORD [20+EBP]
   105 000000F1 8B 4D 0C                        	MOV	ECX,DWORD [12+EBP]
   106 000000F4 66 89 42 02                     	MOV	WORD [2+EDX],AX
   107 000000F8 88 5A 05                        	MOV	BYTE [5+EDX],BL
   108 000000FB 66 89 0A                        	MOV	WORD [EDX],CX
   109 000000FE 89 D8                           	MOV	EAX,EBX
   110 00000100 C1 F8 08                        	SAR	EAX,8
   111 00000103 C1 F9 10                        	SAR	ECX,16
   112 00000106 88 42 04                        	MOV	BYTE [4+EDX],AL
   113 00000109 66 89 4A 06                     	MOV	WORD [6+EDX],CX
   114 0000010D 5B                              	POP	EBX
   115 0000010E 5D                              	POP	EBP
   116 0000010F C3                              	RET
